c:\users\administrator\desktop\mario\mario\mario\debug\mario.pch
c:\users\administrator\desktop\mario\mario\mario\debug\vc140.pdb
c:\users\administrator\desktop\mario\mario\mario\debug\vc140.idb
c:\users\administrator\desktop\mario\mario\mario\debug\stdafx.obj
c:\users\administrator\desktop\mario\mario\mario\debug\bullet.obj
c:\users\administrator\desktop\mario\mario\mario\debug\collisionmgr.obj
c:\users\administrator\desktop\mario\mario\mario\debug\item.obj
c:\users\administrator\desktop\mario\mario\mario\debug\maingame.obj
c:\users\administrator\desktop\mario\mario\mario\debug\mario.obj
c:\users\administrator\desktop\mario\mario\mario\debug\monster.obj
c:\users\administrator\desktop\mario\mario\mario\debug\obj.obj
c:\users\administrator\desktop\mario\mario\mario\debug\objmgr.obj
c:\users\administrator\desktop\mario\mario\mario\debug\player.obj
c:\users\administrator\desktop\mario\mario\mario\debug\tile.obj
c:\users\administrator\desktop\mario\mario\mario\debug\mario.res
c:\users\administrator\desktop\mario\mario\debug\mario.pdb
c:\users\administrator\desktop\mario\mario\mario\debug\mario.tlog\cl.command.1.tlog
c:\users\administrator\desktop\mario\mario\mario\debug\mario.tlog\cl.read.1.tlog
c:\users\administrator\desktop\mario\mario\mario\debug\mario.tlog\cl.write.1.tlog
c:\users\administrator\desktop\mario\mario\mario\debug\mario.tlog\link-cvtres.read.1.tlog
c:\users\administrator\desktop\mario\mario\mario\debug\mario.tlog\link-cvtres.write.1.tlog
c:\users\administrator\desktop\mario\mario\mario\debug\mario.tlog\link-rc.read.1.tlog
c:\users\administrator\desktop\mario\mario\mario\debug\mario.tlog\link-rc.write.1.tlog
c:\users\administrator\desktop\mario\mario\mario\debug\mario.tlog\link.command.1.tlog
c:\users\administrator\desktop\mario\mario\mario\debug\mario.tlog\link.read.1.tlog
c:\users\administrator\desktop\mario\mario\mario\debug\mario.tlog\link.write.1.tlog
c:\users\administrator\desktop\mario\mario\mario\debug\mario.tlog\rc.command.1.tlog
c:\users\administrator\desktop\mario\mario\mario\debug\mario.tlog\rc.read.1.tlog
c:\users\administrator\desktop\mario\mario\mario\debug\mario.tlog\rc.write.1.tlog
